C51 COMPILER V9.57.0.0   MAIN                                                              09/23/2021 12:08:28 PAGE 1   


C51 COMPILER V9.57.0.0, COMPILATION OF MODULE MAIN
OBJECT MODULE PLACED IN .\Objects\main.obj
COMPILER INVOKED BY: C:\Keil_v5\C51\BIN\C51.EXE ..\..\src\main.c OMF2 OPTIMIZE(8,SPEED) BROWSE INCDIR(..\..\inc;..\..\pr
                    -j) DEBUG PRINT(.\Listings\main.lst) TABS(2) OBJECT(.\Objects\main.obj)

line level    source

   1          /*
   2           * adc-vbat-sample.c
   3           *
   4           * ADC test.
   5           *
   6           * Author: zhanyingwei<3080940495@qq.com>
   7           * 
   8           * Copyright (C) 2021 Sinh Micro, Inc.
   9           *
  10           * Licensed under the Apache License, Version 2.0 (the "License");
  11           * you may not use this file except in compliance with the License.
  12           * You may obtain a copy of the License at
  13           *
  14           *     http://www.apache.org/licenses/LICENSE-2.0
  15           *
  16           * Unless required by applicable law or agreed to in writing, software
  17           * distributed under the License is distributed on an "AS IS" BASIS,
  18           * WITHOUT WARRANTIES OR CONDITIONS OF ANY KIND, either express or implied.
  19           * See the License for the specific language governing permissions and
  20           * limitations under the License.
  21           */
  22          
  23          #include "ss881x.h"
  24          
  25          typedef unsigned char u8;
  26          typedef unsigned int u16;
  27          
  28          short  vbat_mv;
  29          
  30          void adc_init()
  31          {
  32   1          ADCCON0  = 0x28;                  // ËøûÁª≠Ê®°Âºè,ADCÈááÊ†∑Êó∂Èíü1MHz,ADCÈááÊ†∑ÂêéÊª§Ê≥¢Ê±ÇÂùáÂÄºÊ†∑Êú
             -¨‰∏™Êï∞128
  33   1          CLKCON1  |= 0x08;                 // ÈÄÅSCLKÁªôADC,ADCÊó∂Èíü‰ΩøËÉΩ
  34   1          ADCCHEN  = 0x41;                  // ÁîµÊ±†ÁîµÂéãÊ£ÄÊµãÈÄöÈÅì‰ΩøËÉΩ
  35   1      }
  36          
  37          void data_vbat_read()
  38          {
  39   1          vbat_mv  = ADCDAT0L + ((ADCDAT01H & 0x0F) << 8);                 // ÂèñÂá∫ADCÂÄº
  40   1          vbat_mv  <<= 4;                                                  // Â∑¶Áßª4‰ΩçÂÜçÂè≥Áßª4‰ΩçÔºåÂ∞Ü12‰Ωç
             -Ë°•Á†ÅËΩ¨Êç¢Êàê16‰ΩçË°•Á†Å
  41   1          vbat_mv  >>= 4;
  42   1          vbat_mv  += 2600;                                                // Âä†‰∏ä‰∏≠ÂøÉÁîµÂπ≥ÔºåVBAT‰∏≠ÂøÉÁîµ
             -Âπ≥‰∏∫2600
  43   1      }
  44          
  45          int main()
  46          {
  47   1          WDTCON  = 0x05;                   // disable watchdog at startup
  48   1          
  49   1          MFP0  = 0xC0;
  50   1          
  51   1          adc_init();
C51 COMPILER V9.57.0.0   MAIN                                                              09/23/2021 12:08:28 PAGE 2   

  52   1          
  53   1          while (1) {
  54   2              data_vbat_read();
  55   2          }
  56   1      }
  57          


MODULE INFORMATION:   STATIC OVERLAYABLE
   CODE SIZE        =     88    ----
   CONSTANT SIZE    =   ----    ----
   XDATA SIZE       =   ----    ----
   PDATA SIZE       =   ----    ----
   DATA SIZE        =      2    ----
   IDATA SIZE       =   ----    ----
   BIT SIZE         =   ----    ----
   EDATA SIZE       =   ----    ----
   HDATA SIZE       =   ----    ----
   XDATA CONST SIZE =   ----    ----
   FAR CONST SIZE   =   ----    ----
END OF MODULE INFORMATION.


C51 COMPILATION COMPLETE.  0 WARNING(S),  0 ERROR(S)
