C51 COMPILER V9.56.0.0   BLINKY                                                            09/09/2021 09:50:46 PAGE 1   


C51 COMPILER V9.56.0.0, COMPILATION OF MODULE BLINKY
OBJECT MODULE PLACED IN .\Objects\blinky.obj
COMPILER INVOKED BY: C:\Keil_v5\C51\BIN\C51.EXE ..\..\src\blinky.c OMF2 OPTIMIZE(8,SPEED) BROWSE INCDIR(..\..\inc;..\..\
                    -prj) DEBUG PRINT(.\Listings\blinky.lst) OBJECT(.\Objects\blinky.obj)

line level    source

   1          /*
   2           * blinky.c
   3           *
   4           * LED blink test.
   5           *
   6           * Author: lipeng<lp@sinhmicro.com>
   7           * 
   8           * Copyright (C) 2021 Sinh Micro, Inc.
   9           *
  10           * Licensed under the Apache License, Version 2.0 (the "License");
  11           * you may not use this file except in compliance with the License.
  12           * You may obtain a copy of the License at
  13           *
  14           *     http://www.apache.org/licenses/LICENSE-2.0
  15           *
  16           * Unless required by applicable law or agreed to in writing, software
  17           * distributed under the License is distributed on an "AS IS" BASIS,
  18           * WITHOUT WARRANTIES OR CONDITIONS OF ANY KIND, either express or implied.
  19           * See the License for the specific language governing permissions and
  20           * limitations under the License.
  21           */
  22          
  23          #include "ss881x.h"
  24          
  25          static void _delay_ms(unsigned char ms)
  26          {       
  27   1          unsigned char i, j;
  28   1          do {
  29   2              i = 4;
  30   2              j = 200;
  31   2              do
  32   2              {
  33   3                  while (--j);
  34   3              } while (--i);
  35   2          } while (--ms);
  36   1      }
  37          
  38          int main()
  39          {
  40   1          WDTCON = 0x05;          /* disable watchdog at startup */
  41   1      
  42   1          P0MOD &= ~0x01;         /* P00 as GPIO output */
  43   1          P0 &= ~0x01;            /* P00 output low */
  44   1      
  45   1          while (1) {
  46   2              P0 &= ~0x01;        /* P00 output low */
  47   2              _delay_ms(250);
  48   2              _delay_ms(250);
  49   2      
  50   2              P0 |= 0x01;         /* P00 output high */
  51   2              _delay_ms(250);
  52   2              _delay_ms(250);
  53   2          }
  54   1      }
C51 COMPILER V9.56.0.0   BLINKY                                                            09/09/2021 09:50:46 PAGE 2   



MODULE INFORMATION:   STATIC OVERLAYABLE
   CODE SIZE        =     41    ----
   CONSTANT SIZE    =   ----    ----
   XDATA SIZE       =   ----    ----
   PDATA SIZE       =   ----    ----
   DATA SIZE        =   ----    ----
   IDATA SIZE       =   ----    ----
   BIT SIZE         =   ----    ----
   EDATA SIZE       =   ----    ----
   HDATA SIZE       =   ----    ----
   XDATA CONST SIZE =   ----    ----
   FAR CONST SIZE   =   ----    ----
END OF MODULE INFORMATION.


C51 COMPILATION COMPLETE.  0 WARNING(S),  0 ERROR(S)
